<?xml version="1.0" encoding="UTF-8"?>
<coverage generated="1610702834696" clover="3.2.0">
  <project timestamp="1610702834696" name="All files">
    <metrics statements="56" coveredstatements="45" conditionals="19" coveredconditionals="18" methods="39" coveredmethods="29" elements="114" coveredelements="92" complexity="0" loc="56" ncloc="56" packages="3" files="6" classes="6"/>
    <package name="src">
      <metrics statements="2" coveredstatements="2" conditionals="0" coveredconditionals="0" methods="1" coveredmethods="1"/>
      <file name="App.vue" path="C:\Users\pc\Documents\Programs\Vue\dev_placement_assessment\src\App.vue">
        <metrics statements="2" coveredstatements="2" conditionals="0" coveredconditionals="0" methods="1" coveredmethods="1"/>
        <line num="6" count="1" type="stmt"/>
        <line num="14" count="1" type="stmt"/>
      </file>
    </package>
    <package name="src.components">
      <metrics statements="4" coveredstatements="3" conditionals="0" coveredconditionals="0" methods="4" coveredmethods="3"/>
      <file name="Input.vue" path="C:\Users\pc\Documents\Programs\Vue\dev_placement_assessment\src\components\Input.vue">
        <metrics statements="3" coveredstatements="2" conditionals="0" coveredconditionals="0" methods="3" coveredmethods="2"/>
        <line num="84" count="45" type="stmt"/>
        <line num="91" count="0" type="stmt"/>
        <line num="96" count="1" type="stmt"/>
      </file>
      <file name="UserPreview.vue" path="C:\Users\pc\Documents\Programs\Vue\dev_placement_assessment\src\components\UserPreview.vue">
        <metrics statements="1" coveredstatements="1" conditionals="0" coveredconditionals="0" methods="1" coveredmethods="1"/>
        <line num="65" count="5" type="stmt"/>
      </file>
    </package>
    <package name="src.pages">
      <metrics statements="50" coveredstatements="40" conditionals="19" coveredconditionals="18" methods="34" coveredmethods="25"/>
      <file name="Home.vue" path="C:\Users\pc\Documents\Programs\Vue\dev_placement_assessment\src\pages\Home.vue">
        <metrics statements="18" coveredstatements="16" conditionals="8" coveredconditionals="8" methods="14" coveredmethods="12"/>
        <line num="238" count="2" type="stmt"/>
        <line num="245" count="20" type="stmt"/>
        <line num="254" count="1" type="stmt"/>
        <line num="257" count="1" type="stmt"/>
        <line num="260" count="1" type="stmt"/>
        <line num="263" count="0" type="stmt"/>
        <line num="268" count="22" type="stmt"/>
        <line num="271" count="27" type="stmt"/>
        <line num="274" count="20" type="stmt"/>
        <line num="279" count="21" type="cond" truecount="2" falsecount="0"/>
        <line num="285" count="20" type="stmt"/>
        <line num="286" count="20" type="stmt"/>
        <line num="287" count="22" type="cond" truecount="2" falsecount="0"/>
        <line num="289" count="12" type="stmt"/>
        <line num="291" count="20" type="stmt"/>
        <line num="292" count="12" type="cond" truecount="4" falsecount="0"/>
        <line num="293" count="10" type="stmt"/>
        <line num="294" count="0" type="stmt"/>
      </file>
      <file name="UserProfile.vue" path="C:\Users\pc\Documents\Programs\Vue\dev_placement_assessment\src\pages\UserProfile.vue">
        <metrics statements="3" coveredstatements="3" conditionals="0" coveredconditionals="0" methods="4" coveredmethods="4"/>
        <line num="67" count="5" type="stmt"/>
        <line num="73" count="3" type="stmt"/>
        <line num="77" count="10" type="stmt"/>
      </file>
      <file name="Users.vue" path="C:\Users\pc\Documents\Programs\Vue\dev_placement_assessment\src\pages\Users.vue">
        <metrics statements="29" coveredstatements="21" conditionals="11" coveredconditionals="10" methods="16" coveredmethods="9"/>
        <line num="20" count="1" type="stmt"/>
        <line num="41" count="7" type="stmt"/>
        <line num="49" count="7" type="stmt"/>
        <line num="50" count="7" type="stmt"/>
        <line num="51" count="7" type="stmt"/>
        <line num="54" count="7" type="stmt"/>
        <line num="55" count="140" type="cond" truecount="2" falsecount="0"/>
        <line num="61" count="140" type="stmt"/>
        <line num="63" count="7" type="stmt"/>
        <line num="64" count="7" type="stmt"/>
        <line num="65" count="7" type="stmt"/>
        <line num="66" count="7" type="stmt"/>
        <line num="67" count="147" type="cond" truecount="8" falsecount="1"/>
        <line num="75" count="7" type="stmt"/>
        <line num="76" count="7" type="stmt"/>
        <line num="77" count="0" type="stmt"/>
        <line num="81" count="7" type="stmt"/>
        <line num="82" count="7" type="stmt"/>
        <line num="83" count="7" type="stmt"/>
        <line num="88" count="7" type="stmt"/>
        <line num="91" count="7" type="stmt"/>
        <line num="96" count="0" type="stmt"/>
        <line num="99" count="0" type="stmt"/>
        <line num="102" count="0" type="stmt"/>
        <line num="105" count="0" type="stmt"/>
        <line num="106" count="0" type="stmt"/>
        <line num="107" count="0" type="stmt"/>
        <line num="111" count="0" type="stmt"/>
        <line num="115" count="7" type="stmt"/>
      </file>
    </package>
  </project>
</coverage>
