<?xml version="1.0" encoding="UTF-8"?>
<coverage generated="1610710861212" clover="3.2.0">
  <project timestamp="1610710861212" name="All files">
    <metrics statements="54" coveredstatements="43" conditionals="19" coveredconditionals="18" methods="38" coveredmethods="28" elements="111" coveredelements="89" complexity="0" loc="54" ncloc="54" packages="2" files="5" classes="5"/>
    <package name="components">
      <metrics statements="4" coveredstatements="3" conditionals="0" coveredconditionals="0" methods="4" coveredmethods="3"/>
      <file name="Input.vue" path="C:\Users\pc\Documents\Programs\Vue\dev_placement_assessment\src\components\Input.vue">
        <metrics statements="3" coveredstatements="2" conditionals="0" coveredconditionals="0" methods="3" coveredmethods="2"/>
        <line num="84" count="47" type="stmt"/>
        <line num="91" count="0" type="stmt"/>
        <line num="96" count="1" type="stmt"/>
      </file>
      <file name="UserPreview.vue" path="C:\Users\pc\Documents\Programs\Vue\dev_placement_assessment\src\components\UserPreview.vue">
        <metrics statements="1" coveredstatements="1" conditionals="0" coveredconditionals="0" methods="1" coveredmethods="1"/>
        <line num="65" count="5" type="stmt"/>
      </file>
    </package>
    <package name="pages">
      <metrics statements="50" coveredstatements="40" conditionals="19" coveredconditionals="18" methods="34" coveredmethods="25"/>
      <file name="Home.vue" path="C:\Users\pc\Documents\Programs\Vue\dev_placement_assessment\src\pages\Home.vue">
        <metrics statements="18" coveredstatements="16" conditionals="8" coveredconditionals="8" methods="14" coveredmethods="12"/>
        <line num="237" count="1" type="stmt"/>
        <line num="244" count="21" type="stmt"/>
        <line num="253" count="1" type="stmt"/>
        <line num="256" count="1" type="stmt"/>
        <line num="259" count="1" type="stmt"/>
        <line num="262" count="0" type="stmt"/>
        <line num="267" count="23" type="stmt"/>
        <line num="270" count="28" type="stmt"/>
        <line num="273" count="21" type="stmt"/>
        <line num="278" count="21" type="cond" truecount="2" falsecount="0"/>
        <line num="284" count="21" type="stmt"/>
        <line num="285" count="21" type="stmt"/>
        <line num="286" count="22" type="cond" truecount="2" falsecount="0"/>
        <line num="288" count="12" type="stmt"/>
        <line num="290" count="21" type="stmt"/>
        <line num="291" count="12" type="cond" truecount="4" falsecount="0"/>
        <line num="292" count="10" type="stmt"/>
        <line num="293" count="0" type="stmt"/>
      </file>
      <file name="UserProfile.vue" path="C:\Users\pc\Documents\Programs\Vue\dev_placement_assessment\src\pages\UserProfile.vue">
        <metrics statements="3" coveredstatements="3" conditionals="0" coveredconditionals="0" methods="4" coveredmethods="4"/>
        <line num="67" count="5" type="stmt"/>
        <line num="73" count="3" type="stmt"/>
        <line num="77" count="10" type="stmt"/>
      </file>
      <file name="Users.vue" path="C:\Users\pc\Documents\Programs\Vue\dev_placement_assessment\src\pages\Users.vue">
        <metrics statements="29" coveredstatements="21" conditionals="11" coveredconditionals="10" methods="16" coveredmethods="9"/>
        <line num="20" count="1" type="stmt"/>
        <line num="41" count="8" type="stmt"/>
        <line num="49" count="8" type="stmt"/>
        <line num="50" count="8" type="stmt"/>
        <line num="51" count="8" type="stmt"/>
        <line num="54" count="8" type="stmt"/>
        <line num="55" count="160" type="cond" truecount="2" falsecount="0"/>
        <line num="61" count="160" type="stmt"/>
        <line num="63" count="8" type="stmt"/>
        <line num="64" count="8" type="stmt"/>
        <line num="65" count="8" type="stmt"/>
        <line num="66" count="8" type="stmt"/>
        <line num="67" count="168" type="cond" truecount="8" falsecount="1"/>
        <line num="75" count="8" type="stmt"/>
        <line num="76" count="8" type="stmt"/>
        <line num="77" count="0" type="stmt"/>
        <line num="81" count="8" type="stmt"/>
        <line num="82" count="8" type="stmt"/>
        <line num="83" count="8" type="stmt"/>
        <line num="88" count="8" type="stmt"/>
        <line num="91" count="8" type="stmt"/>
        <line num="96" count="0" type="stmt"/>
        <line num="99" count="0" type="stmt"/>
        <line num="102" count="0" type="stmt"/>
        <line num="105" count="0" type="stmt"/>
        <line num="106" count="0" type="stmt"/>
        <line num="107" count="0" type="stmt"/>
        <line num="111" count="0" type="stmt"/>
        <line num="115" count="8" type="stmt"/>
      </file>
    </package>
  </project>
</coverage>
