{"C:\\Users\\pc\\Documents\\Programs\\Vue\\dev_placement_assessment\\src\\components\\Input.vue": {"path":"C:\\Users\\pc\\Documents\\Programs\\Vue\\dev_placement_assessment\\src\\components\\Input.vue","statementMap":{"0":{"start":{"line":84,"column":0},"end":{"line":84,"column":null}},"1":{"start":{"line":91,"column":0},"end":{"line":91,"column":null}},"2":{"start":{"line":96,"column":0},"end":{"line":96,"column":null}}},"fnMap":{"0":{"name":"(anonymous_1)","decl":{"start":{"line":83,"column":0},"end":{"line":83,"column":null}},"loc":{"start":{"line":83,"column":0},"end":{"line":88,"column":null}}},"1":{"name":"(anonymous_2)","decl":{"start":{"line":90,"column":0},"end":{"line":90,"column":null}},"loc":{"start":{"line":90,"column":0},"end":{"line":92,"column":null}}},"2":{"name":"(anonymous_3)","decl":{"start":{"line":95,"column":0},"end":{"line":95,"column":null}},"loc":{"start":{"line":95,"column":0},"end":{"line":97,"column":null}}}},"branchMap":{},"s":{"0":47,"1":0,"2":1},"f":{"0":47,"1":0,"2":1},"b":{}}
,"C:\\Users\\pc\\Documents\\Programs\\Vue\\dev_placement_assessment\\src\\components\\UserPreview.vue": {"path":"C:\\Users\\pc\\Documents\\Programs\\Vue\\dev_placement_assessment\\src\\components\\UserPreview.vue","statementMap":{"0":{"start":{"line":65,"column":0},"end":{"line":65,"column":null}}},"fnMap":{"0":{"name":"(anonymous_1)","decl":{"start":{"line":64,"column":0},"end":{"line":64,"column":null}},"loc":{"start":{"line":64,"column":0},"end":{"line":66,"column":null}}}},"branchMap":{},"s":{"0":5},"f":{"0":5},"b":{}}
,"C:\\Users\\pc\\Documents\\Programs\\Vue\\dev_placement_assessment\\src\\pages\\Home.vue": {"path":"C:\\Users\\pc\\Documents\\Programs\\Vue\\dev_placement_assessment\\src\\pages\\Home.vue","statementMap":{"0":{"start":{"line":237,"column":0},"end":{"line":237,"column":null}},"1":{"start":{"line":244,"column":0},"end":{"line":244,"column":null}},"2":{"start":{"line":253,"column":0},"end":{"line":253,"column":null}},"3":{"start":{"line":256,"column":0},"end":{"line":256,"column":null}},"4":{"start":{"line":259,"column":0},"end":{"line":259,"column":null}},"5":{"start":{"line":262,"column":0},"end":{"line":262,"column":null}},"6":{"start":{"line":267,"column":0},"end":{"line":267,"column":null}},"7":{"start":{"line":270,"column":0},"end":{"line":270,"column":null}},"8":{"start":{"line":273,"column":0},"end":{"line":273,"column":null}},"9":{"start":{"line":278,"column":0},"end":{"line":278,"column":null}},"10":{"start":{"line":284,"column":0},"end":{"line":284,"column":null}},"11":{"start":{"line":285,"column":0},"end":{"line":289,"column":null}},"12":{"start":{"line":286,"column":0},"end":{"line":286,"column":null}},"13":{"start":{"line":288,"column":0},"end":{"line":288,"column":null}},"14":{"start":{"line":290,"column":0},"end":{"line":296,"column":null}},"15":{"start":{"line":291,"column":0},"end":{"line":295,"column":null}},"16":{"start":{"line":292,"column":0},"end":{"line":294,"column":null}},"17":{"start":{"line":293,"column":0},"end":{"line":293,"column":null}}},"fnMap":{"0":{"name":"(anonymous_1)","decl":{"start":{"line":243,"column":0},"end":{"line":243,"column":null}},"loc":{"start":{"line":243,"column":0},"end":{"line":250,"column":null}}},"1":{"name":"(anonymous_2)","decl":{"start":{"line":252,"column":0},"end":{"line":252,"column":null}},"loc":{"start":{"line":252,"column":0},"end":{"line":254,"column":null}}},"2":{"name":"(anonymous_3)","decl":{"start":{"line":255,"column":0},"end":{"line":255,"column":null}},"loc":{"start":{"line":255,"column":0},"end":{"line":257,"column":null}}},"3":{"name":"(anonymous_4)","decl":{"start":{"line":258,"column":0},"end":{"line":258,"column":null}},"loc":{"start":{"line":258,"column":0},"end":{"line":260,"column":null}}},"4":{"name":"(anonymous_5)","decl":{"start":{"line":261,"column":0},"end":{"line":261,"column":null}},"loc":{"start":{"line":261,"column":0},"end":{"line":263,"column":null}}},"5":{"name":"(anonymous_6)","decl":{"start":{"line":266,"column":0},"end":{"line":266,"column":null}},"loc":{"start":{"line":266,"column":0},"end":{"line":268,"column":null}}},"6":{"name":"(anonymous_7)","decl":{"start":{"line":269,"column":0},"end":{"line":269,"column":null}},"loc":{"start":{"line":269,"column":0},"end":{"line":271,"column":null}}},"7":{"name":"(anonymous_8)","decl":{"start":{"line":272,"column":0},"end":{"line":272,"column":null}},"loc":{"start":{"line":272,"column":0},"end":{"line":274,"column":null}}},"8":{"name":"(anonymous_9)","decl":{"start":{"line":277,"column":0},"end":{"line":277,"column":null}},"loc":{"start":{"line":277,"column":0},"end":{"line":281,"column":null}}},"9":{"name":"(anonymous_10)","decl":{"start":{"line":278,"column":0},"end":{"line":278,"column":null}},"loc":{"start":{"line":278,"column":0},"end":{"line":278,"column":null}}},"10":{"name":"(anonymous_11)","decl":{"start":{"line":283,"column":0},"end":{"line":283,"column":null}},"loc":{"start":{"line":283,"column":0},"end":{"line":297,"column":null}}},"11":{"name":"(anonymous_12)","decl":{"start":{"line":285,"column":0},"end":{"line":285,"column":null}},"loc":{"start":{"line":285,"column":0},"end":{"line":289,"column":null}}},"12":{"name":"(anonymous_13)","decl":{"start":{"line":290,"column":0},"end":{"line":290,"column":null}},"loc":{"start":{"line":290,"column":0},"end":{"line":296,"column":null}}},"13":{"name":"(anonymous_14)","decl":{"start":{"line":292,"column":0},"end":{"line":292,"column":null}},"loc":{"start":{"line":292,"column":0},"end":{"line":294,"column":null}}}},"branchMap":{"0":{"loc":{"start":{"line":278,"column":0},"end":{"line":278,"column":null}},"type":"if","locations":[{"start":{"line":278,"column":0},"end":{"line":278,"column":null}},{"start":{"line":278,"column":0},"end":{"line":278,"column":null}}]},"1":{"loc":{"start":{"line":286,"column":0},"end":{"line":286,"column":null}},"type":"if","locations":[{"start":{"line":286,"column":0},"end":{"line":286,"column":null}},{"start":{"line":286,"column":0},"end":{"line":286,"column":null}}]},"2":{"loc":{"start":{"line":291,"column":0},"end":{"line":295,"column":null}},"type":"if","locations":[{"start":{"line":291,"column":0},"end":{"line":295,"column":null}},{"start":{"line":291,"column":0},"end":{"line":295,"column":null}}]},"3":{"loc":{"start":{"line":291,"column":0},"end":{"line":291,"column":null}},"type":"binary-expr","locations":[{"start":{"line":291,"column":0},"end":{"line":291,"column":null}},{"start":{"line":291,"column":0},"end":{"line":291,"column":null}}]}},"s":{"0":1,"1":21,"2":1,"3":1,"4":1,"5":0,"6":23,"7":28,"8":21,"9":21,"10":21,"11":21,"12":22,"13":12,"14":21,"15":12,"16":10,"17":0},"f":{"0":21,"1":1,"2":1,"3":1,"4":0,"5":23,"6":28,"7":21,"8":7,"9":7,"10":21,"11":12,"12":12,"13":0},"b":{"0":[2,5],"1":[22,9],"2":[10,2],"3":[12,7]}}
,"C:\\Users\\pc\\Documents\\Programs\\Vue\\dev_placement_assessment\\src\\pages\\UserProfile.vue": {"path":"C:\\Users\\pc\\Documents\\Programs\\Vue\\dev_placement_assessment\\src\\pages\\UserProfile.vue","statementMap":{"0":{"start":{"line":67,"column":0},"end":{"line":67,"column":null}},"1":{"start":{"line":73,"column":0},"end":{"line":73,"column":null}},"2":{"start":{"line":77,"column":0},"end":{"line":77,"column":null}}},"fnMap":{"0":{"name":"(anonymous_1)","decl":{"start":{"line":66,"column":0},"end":{"line":66,"column":null}},"loc":{"start":{"line":66,"column":0},"end":{"line":70,"column":null}}},"1":{"name":"(anonymous_2)","decl":{"start":{"line":72,"column":0},"end":{"line":72,"column":null}},"loc":{"start":{"line":72,"column":0},"end":{"line":74,"column":null}}},"2":{"name":"(anonymous_3)","decl":{"start":{"line":76,"column":0},"end":{"line":76,"column":null}},"loc":{"start":{"line":76,"column":0},"end":{"line":80,"column":null}}},"3":{"name":"(anonymous_4)","decl":{"start":{"line":77,"column":0},"end":{"line":77,"column":null}},"loc":{"start":{"line":77,"column":0},"end":{"line":77,"column":null}}}},"branchMap":{},"s":{"0":5,"1":3,"2":10},"f":{"0":5,"1":3,"2":5,"3":5},"b":{}}
,"C:\\Users\\pc\\Documents\\Programs\\Vue\\dev_placement_assessment\\src\\pages\\Users.vue": {"path":"C:\\Users\\pc\\Documents\\Programs\\Vue\\dev_placement_assessment\\src\\pages\\Users.vue","statementMap":{"0":{"start":{"line":20,"column":0},"end":{"line":20,"column":null}},"1":{"start":{"line":41,"column":0},"end":{"line":41,"column":null}},"2":{"start":{"line":49,"column":0},"end":{"line":49,"column":null}},"3":{"start":{"line":50,"column":0},"end":{"line":50,"column":null}},"4":{"start":{"line":51,"column":0},"end":{"line":51,"column":null}},"5":{"start":{"line":54,"column":0},"end":{"line":62,"column":null}},"6":{"start":{"line":55,"column":0},"end":{"line":55,"column":null}},"7":{"start":{"line":61,"column":0},"end":{"line":61,"column":null}},"8":{"start":{"line":63,"column":0},"end":{"line":63,"column":null}},"9":{"start":{"line":64,"column":0},"end":{"line":64,"column":null}},"10":{"start":{"line":65,"column":0},"end":{"line":65,"column":null}},"11":{"start":{"line":66,"column":0},"end":{"line":66,"column":null}},"12":{"start":{"line":67,"column":0},"end":{"line":67,"column":null}},"13":{"start":{"line":75,"column":0},"end":{"line":75,"column":null}},"14":{"start":{"line":76,"column":0},"end":{"line":78,"column":null}},"15":{"start":{"line":77,"column":0},"end":{"line":77,"column":null}},"16":{"start":{"line":81,"column":0},"end":{"line":81,"column":null}},"17":{"start":{"line":82,"column":0},"end":{"line":82,"column":null}},"18":{"start":{"line":83,"column":0},"end":{"line":83,"column":null}},"19":{"start":{"line":88,"column":0},"end":{"line":88,"column":null}},"20":{"start":{"line":91,"column":0},"end":{"line":91,"column":null}},"21":{"start":{"line":96,"column":0},"end":{"line":96,"column":null}},"22":{"start":{"line":99,"column":0},"end":{"line":99,"column":null}},"23":{"start":{"line":102,"column":0},"end":{"line":102,"column":null}},"24":{"start":{"line":105,"column":0},"end":{"line":105,"column":null}},"25":{"start":{"line":106,"column":0},"end":{"line":108,"column":null}},"26":{"start":{"line":107,"column":0},"end":{"line":107,"column":null}},"27":{"start":{"line":111,"column":0},"end":{"line":111,"column":null}},"28":{"start":{"line":115,"column":0},"end":{"line":115,"column":null}}},"fnMap":{"0":{"name":"(anonymous_1)","decl":{"start":{"line":40,"column":0},"end":{"line":40,"column":null}},"loc":{"start":{"line":40,"column":0},"end":{"line":46,"column":null}}},"1":{"name":"(anonymous_2)","decl":{"start":{"line":48,"column":0},"end":{"line":48,"column":null}},"loc":{"start":{"line":48,"column":0},"end":{"line":52,"column":null}}},"2":{"name":"(anonymous_3)","decl":{"start":{"line":53,"column":0},"end":{"line":53,"column":null}},"loc":{"start":{"line":53,"column":0},"end":{"line":79,"column":null}}},"3":{"name":"(anonymous_4)","decl":{"start":{"line":54,"column":0},"end":{"line":54,"column":null}},"loc":{"start":{"line":54,"column":0},"end":{"line":62,"column":null}}},"4":{"name":"(anonymous_5)","decl":{"start":{"line":67,"column":0},"end":{"line":67,"column":null}},"loc":{"start":{"line":67,"column":0},"end":{"line":67,"column":null}}},"5":{"name":"(anonymous_6)","decl":{"start":{"line":76,"column":0},"end":{"line":76,"column":null}},"loc":{"start":{"line":76,"column":0},"end":{"line":78,"column":null}}},"6":{"name":"(anonymous_7)","decl":{"start":{"line":80,"column":0},"end":{"line":80,"column":null}},"loc":{"start":{"line":80,"column":0},"end":{"line":84,"column":null}}},"7":{"name":"(anonymous_8)","decl":{"start":{"line":87,"column":0},"end":{"line":87,"column":null}},"loc":{"start":{"line":87,"column":0},"end":{"line":89,"column":null}}},"8":{"name":"(anonymous_9)","decl":{"start":{"line":90,"column":0},"end":{"line":90,"column":null}},"loc":{"start":{"line":90,"column":0},"end":{"line":92,"column":null}}},"9":{"name":"(anonymous_10)","decl":{"start":{"line":95,"column":0},"end":{"line":95,"column":null}},"loc":{"start":{"line":95,"column":0},"end":{"line":97,"column":null}}},"10":{"name":"(anonymous_11)","decl":{"start":{"line":98,"column":0},"end":{"line":98,"column":null}},"loc":{"start":{"line":98,"column":0},"end":{"line":100,"column":null}}},"11":{"name":"(anonymous_12)","decl":{"start":{"line":101,"column":0},"end":{"line":101,"column":null}},"loc":{"start":{"line":101,"column":0},"end":{"line":103,"column":null}}},"12":{"name":"(anonymous_13)","decl":{"start":{"line":104,"column":0},"end":{"line":104,"column":null}},"loc":{"start":{"line":104,"column":0},"end":{"line":109,"column":null}}},"13":{"name":"(anonymous_14)","decl":{"start":{"line":106,"column":0},"end":{"line":106,"column":null}},"loc":{"start":{"line":106,"column":0},"end":{"line":108,"column":null}}},"14":{"name":"(anonymous_15)","decl":{"start":{"line":110,"column":0},"end":{"line":110,"column":null}},"loc":{"start":{"line":110,"column":0},"end":{"line":112,"column":null}}},"15":{"name":"(anonymous_16)","decl":{"start":{"line":114,"column":0},"end":{"line":114,"column":null}},"loc":{"start":{"line":114,"column":0},"end":{"line":116,"column":null}}}},"branchMap":{"0":{"loc":{"start":{"line":55,"column":0},"end":{"line":55,"column":null}},"type":"cond-expr","locations":[{"start":{"line":55,"column":0},"end":{"line":55,"column":null}},{"start":{"line":55,"column":0},"end":{"line":55,"column":null}}]},"1":{"loc":{"start":{"line":67,"column":0},"end":{"line":67,"column":null}},"type":"binary-expr","locations":[{"start":{"line":67,"column":0},"end":{"line":67,"column":null}},{"start":{"line":67,"column":0},"end":{"line":67,"column":null}},{"start":{"line":67,"column":0},"end":{"line":67,"column":null}},{"start":{"line":67,"column":0},"end":{"line":67,"column":null}},{"start":{"line":67,"column":0},"end":{"line":67,"column":null}},{"start":{"line":67,"column":0},"end":{"line":67,"column":null}},{"start":{"line":67,"column":0},"end":{"line":67,"column":null}},{"start":{"line":67,"column":0},"end":{"line":67,"column":null}},{"start":{"line":67,"column":0},"end":{"line":67,"column":null}}]}},"s":{"0":1,"1":8,"2":8,"3":8,"4":8,"5":8,"6":160,"7":160,"8":8,"9":8,"10":8,"11":8,"12":168,"13":8,"14":8,"15":0,"16":8,"17":8,"18":8,"19":8,"20":8,"21":0,"22":0,"23":0,"24":0,"25":0,"26":0,"27":0,"28":8},"f":{"0":8,"1":8,"2":8,"3":160,"4":160,"5":0,"6":8,"7":8,"8":8,"9":0,"10":0,"11":0,"12":0,"13":0,"14":0,"15":8},"b":{"0":[20,140],"1":[160,160,120,80,40,75,40,55,0]}}
}
