{"C:\\Users\\pc\\Documents\\Programs\\Vue\\dev_placement_assessment\\src\\App.vue": {"path":"C:\\Users\\pc\\Documents\\Programs\\Vue\\dev_placement_assessment\\src\\App.vue","statementMap":{"0":{"start":{"line":6,"column":0},"end":{"line":6,"column":null}},"1":{"start":{"line":14,"column":0},"end":{"line":14,"column":null}}},"fnMap":{"0":{"name":"(anonymous_1)","decl":{"start":{"line":13,"column":0},"end":{"line":13,"column":null}},"loc":{"start":{"line":13,"column":0},"end":{"line":15,"column":null}}}},"branchMap":{},"s":{"0":1,"1":1},"f":{"0":1},"b":{}}
,"C:\\Users\\pc\\Documents\\Programs\\Vue\\dev_placement_assessment\\src\\components\\Input.vue": {"path":"C:\\Users\\pc\\Documents\\Programs\\Vue\\dev_placement_assessment\\src\\components\\Input.vue","statementMap":{"0":{"start":{"line":84,"column":0},"end":{"line":84,"column":null}},"1":{"start":{"line":91,"column":0},"end":{"line":91,"column":null}},"2":{"start":{"line":96,"column":0},"end":{"line":96,"column":null}}},"fnMap":{"0":{"name":"(anonymous_1)","decl":{"start":{"line":83,"column":0},"end":{"line":83,"column":null}},"loc":{"start":{"line":83,"column":0},"end":{"line":88,"column":null}}},"1":{"name":"(anonymous_2)","decl":{"start":{"line":90,"column":0},"end":{"line":90,"column":null}},"loc":{"start":{"line":90,"column":0},"end":{"line":92,"column":null}}},"2":{"name":"(anonymous_3)","decl":{"start":{"line":95,"column":0},"end":{"line":95,"column":null}},"loc":{"start":{"line":95,"column":0},"end":{"line":97,"column":null}}}},"branchMap":{},"s":{"0":45,"1":0,"2":1},"f":{"0":45,"1":0,"2":1},"b":{}}
,"C:\\Users\\pc\\Documents\\Programs\\Vue\\dev_placement_assessment\\src\\components\\UserPreview.vue": {"path":"C:\\Users\\pc\\Documents\\Programs\\Vue\\dev_placement_assessment\\src\\components\\UserPreview.vue","statementMap":{"0":{"start":{"line":65,"column":0},"end":{"line":65,"column":null}}},"fnMap":{"0":{"name":"(anonymous_1)","decl":{"start":{"line":64,"column":0},"end":{"line":64,"column":null}},"loc":{"start":{"line":64,"column":0},"end":{"line":66,"column":null}}}},"branchMap":{},"s":{"0":5},"f":{"0":5},"b":{}}
,"C:\\Users\\pc\\Documents\\Programs\\Vue\\dev_placement_assessment\\src\\pages\\Home.vue": {"path":"C:\\Users\\pc\\Documents\\Programs\\Vue\\dev_placement_assessment\\src\\pages\\Home.vue","statementMap":{"0":{"start":{"line":238,"column":0},"end":{"line":238,"column":null}},"1":{"start":{"line":245,"column":0},"end":{"line":245,"column":null}},"2":{"start":{"line":254,"column":0},"end":{"line":254,"column":null}},"3":{"start":{"line":257,"column":0},"end":{"line":257,"column":null}},"4":{"start":{"line":260,"column":0},"end":{"line":260,"column":null}},"5":{"start":{"line":263,"column":0},"end":{"line":263,"column":null}},"6":{"start":{"line":268,"column":0},"end":{"line":268,"column":null}},"7":{"start":{"line":271,"column":0},"end":{"line":271,"column":null}},"8":{"start":{"line":274,"column":0},"end":{"line":274,"column":null}},"9":{"start":{"line":279,"column":0},"end":{"line":279,"column":null}},"10":{"start":{"line":285,"column":0},"end":{"line":285,"column":null}},"11":{"start":{"line":286,"column":0},"end":{"line":290,"column":null}},"12":{"start":{"line":287,"column":0},"end":{"line":287,"column":null}},"13":{"start":{"line":289,"column":0},"end":{"line":289,"column":null}},"14":{"start":{"line":291,"column":0},"end":{"line":297,"column":null}},"15":{"start":{"line":292,"column":0},"end":{"line":296,"column":null}},"16":{"start":{"line":293,"column":0},"end":{"line":295,"column":null}},"17":{"start":{"line":294,"column":0},"end":{"line":294,"column":null}}},"fnMap":{"0":{"name":"(anonymous_1)","decl":{"start":{"line":244,"column":0},"end":{"line":244,"column":null}},"loc":{"start":{"line":244,"column":0},"end":{"line":251,"column":null}}},"1":{"name":"(anonymous_2)","decl":{"start":{"line":253,"column":0},"end":{"line":253,"column":null}},"loc":{"start":{"line":253,"column":0},"end":{"line":255,"column":null}}},"2":{"name":"(anonymous_3)","decl":{"start":{"line":256,"column":0},"end":{"line":256,"column":null}},"loc":{"start":{"line":256,"column":0},"end":{"line":258,"column":null}}},"3":{"name":"(anonymous_4)","decl":{"start":{"line":259,"column":0},"end":{"line":259,"column":null}},"loc":{"start":{"line":259,"column":0},"end":{"line":261,"column":null}}},"4":{"name":"(anonymous_5)","decl":{"start":{"line":262,"column":0},"end":{"line":262,"column":null}},"loc":{"start":{"line":262,"column":0},"end":{"line":264,"column":null}}},"5":{"name":"(anonymous_6)","decl":{"start":{"line":267,"column":0},"end":{"line":267,"column":null}},"loc":{"start":{"line":267,"column":0},"end":{"line":269,"column":null}}},"6":{"name":"(anonymous_7)","decl":{"start":{"line":270,"column":0},"end":{"line":270,"column":null}},"loc":{"start":{"line":270,"column":0},"end":{"line":272,"column":null}}},"7":{"name":"(anonymous_8)","decl":{"start":{"line":273,"column":0},"end":{"line":273,"column":null}},"loc":{"start":{"line":273,"column":0},"end":{"line":275,"column":null}}},"8":{"name":"(anonymous_9)","decl":{"start":{"line":278,"column":0},"end":{"line":278,"column":null}},"loc":{"start":{"line":278,"column":0},"end":{"line":282,"column":null}}},"9":{"name":"(anonymous_10)","decl":{"start":{"line":279,"column":0},"end":{"line":279,"column":null}},"loc":{"start":{"line":279,"column":0},"end":{"line":279,"column":null}}},"10":{"name":"(anonymous_11)","decl":{"start":{"line":284,"column":0},"end":{"line":284,"column":null}},"loc":{"start":{"line":284,"column":0},"end":{"line":298,"column":null}}},"11":{"name":"(anonymous_12)","decl":{"start":{"line":286,"column":0},"end":{"line":286,"column":null}},"loc":{"start":{"line":286,"column":0},"end":{"line":290,"column":null}}},"12":{"name":"(anonymous_13)","decl":{"start":{"line":291,"column":0},"end":{"line":291,"column":null}},"loc":{"start":{"line":291,"column":0},"end":{"line":297,"column":null}}},"13":{"name":"(anonymous_14)","decl":{"start":{"line":293,"column":0},"end":{"line":293,"column":null}},"loc":{"start":{"line":293,"column":0},"end":{"line":295,"column":null}}}},"branchMap":{"0":{"loc":{"start":{"line":279,"column":0},"end":{"line":279,"column":null}},"type":"if","locations":[{"start":{"line":279,"column":0},"end":{"line":279,"column":null}},{"start":{"line":279,"column":0},"end":{"line":279,"column":null}}]},"1":{"loc":{"start":{"line":287,"column":0},"end":{"line":287,"column":null}},"type":"if","locations":[{"start":{"line":287,"column":0},"end":{"line":287,"column":null}},{"start":{"line":287,"column":0},"end":{"line":287,"column":null}}]},"2":{"loc":{"start":{"line":292,"column":0},"end":{"line":296,"column":null}},"type":"if","locations":[{"start":{"line":292,"column":0},"end":{"line":296,"column":null}},{"start":{"line":292,"column":0},"end":{"line":296,"column":null}}]},"3":{"loc":{"start":{"line":292,"column":0},"end":{"line":292,"column":null}},"type":"binary-expr","locations":[{"start":{"line":292,"column":0},"end":{"line":292,"column":null}},{"start":{"line":292,"column":0},"end":{"line":292,"column":null}}]}},"s":{"0":2,"1":20,"2":1,"3":1,"4":1,"5":0,"6":22,"7":27,"8":20,"9":21,"10":20,"11":20,"12":22,"13":12,"14":20,"15":12,"16":10,"17":0},"f":{"0":20,"1":1,"2":1,"3":1,"4":0,"5":22,"6":27,"7":20,"8":7,"9":7,"10":20,"11":12,"12":12,"13":0},"b":{"0":[2,5],"1":[22,9],"2":[10,2],"3":[12,7]}}
,"C:\\Users\\pc\\Documents\\Programs\\Vue\\dev_placement_assessment\\src\\pages\\UserProfile.vue": {"path":"C:\\Users\\pc\\Documents\\Programs\\Vue\\dev_placement_assessment\\src\\pages\\UserProfile.vue","statementMap":{"0":{"start":{"line":67,"column":0},"end":{"line":67,"column":null}},"1":{"start":{"line":73,"column":0},"end":{"line":73,"column":null}},"2":{"start":{"line":77,"column":0},"end":{"line":77,"column":null}}},"fnMap":{"0":{"name":"(anonymous_1)","decl":{"start":{"line":66,"column":0},"end":{"line":66,"column":null}},"loc":{"start":{"line":66,"column":0},"end":{"line":70,"column":null}}},"1":{"name":"(anonymous_2)","decl":{"start":{"line":72,"column":0},"end":{"line":72,"column":null}},"loc":{"start":{"line":72,"column":0},"end":{"line":74,"column":null}}},"2":{"name":"(anonymous_3)","decl":{"start":{"line":76,"column":0},"end":{"line":76,"column":null}},"loc":{"start":{"line":76,"column":0},"end":{"line":80,"column":null}}},"3":{"name":"(anonymous_4)","decl":{"start":{"line":77,"column":0},"end":{"line":77,"column":null}},"loc":{"start":{"line":77,"column":0},"end":{"line":77,"column":null}}}},"branchMap":{},"s":{"0":5,"1":3,"2":10},"f":{"0":5,"1":3,"2":5,"3":5},"b":{}}
,"C:\\Users\\pc\\Documents\\Programs\\Vue\\dev_placement_assessment\\src\\pages\\Users.vue": {"path":"C:\\Users\\pc\\Documents\\Programs\\Vue\\dev_placement_assessment\\src\\pages\\Users.vue","statementMap":{"0":{"start":{"line":20,"column":0},"end":{"line":20,"column":null}},"1":{"start":{"line":41,"column":0},"end":{"line":41,"column":null}},"2":{"start":{"line":49,"column":0},"end":{"line":49,"column":null}},"3":{"start":{"line":50,"column":0},"end":{"line":50,"column":null}},"4":{"start":{"line":51,"column":0},"end":{"line":51,"column":null}},"5":{"start":{"line":54,"column":0},"end":{"line":62,"column":null}},"6":{"start":{"line":55,"column":0},"end":{"line":55,"column":null}},"7":{"start":{"line":61,"column":0},"end":{"line":61,"column":null}},"8":{"start":{"line":63,"column":0},"end":{"line":63,"column":null}},"9":{"start":{"line":64,"column":0},"end":{"line":64,"column":null}},"10":{"start":{"line":65,"column":0},"end":{"line":65,"column":null}},"11":{"start":{"line":66,"column":0},"end":{"line":66,"column":null}},"12":{"start":{"line":67,"column":0},"end":{"line":67,"column":null}},"13":{"start":{"line":75,"column":0},"end":{"line":75,"column":null}},"14":{"start":{"line":76,"column":0},"end":{"line":78,"column":null}},"15":{"start":{"line":77,"column":0},"end":{"line":77,"column":null}},"16":{"start":{"line":81,"column":0},"end":{"line":81,"column":null}},"17":{"start":{"line":82,"column":0},"end":{"line":82,"column":null}},"18":{"start":{"line":83,"column":0},"end":{"line":83,"column":null}},"19":{"start":{"line":88,"column":0},"end":{"line":88,"column":null}},"20":{"start":{"line":91,"column":0},"end":{"line":91,"column":null}},"21":{"start":{"line":96,"column":0},"end":{"line":96,"column":null}},"22":{"start":{"line":99,"column":0},"end":{"line":99,"column":null}},"23":{"start":{"line":102,"column":0},"end":{"line":102,"column":null}},"24":{"start":{"line":105,"column":0},"end":{"line":105,"column":null}},"25":{"start":{"line":106,"column":0},"end":{"line":108,"column":null}},"26":{"start":{"line":107,"column":0},"end":{"line":107,"column":null}},"27":{"start":{"line":111,"column":0},"end":{"line":111,"column":null}},"28":{"start":{"line":115,"column":0},"end":{"line":115,"column":null}}},"fnMap":{"0":{"name":"(anonymous_1)","decl":{"start":{"line":40,"column":0},"end":{"line":40,"column":null}},"loc":{"start":{"line":40,"column":0},"end":{"line":46,"column":null}}},"1":{"name":"(anonymous_2)","decl":{"start":{"line":48,"column":0},"end":{"line":48,"column":null}},"loc":{"start":{"line":48,"column":0},"end":{"line":52,"column":null}}},"2":{"name":"(anonymous_3)","decl":{"start":{"line":53,"column":0},"end":{"line":53,"column":null}},"loc":{"start":{"line":53,"column":0},"end":{"line":79,"column":null}}},"3":{"name":"(anonymous_4)","decl":{"start":{"line":54,"column":0},"end":{"line":54,"column":null}},"loc":{"start":{"line":54,"column":0},"end":{"line":62,"column":null}}},"4":{"name":"(anonymous_5)","decl":{"start":{"line":67,"column":0},"end":{"line":67,"column":null}},"loc":{"start":{"line":67,"column":0},"end":{"line":67,"column":null}}},"5":{"name":"(anonymous_6)","decl":{"start":{"line":76,"column":0},"end":{"line":76,"column":null}},"loc":{"start":{"line":76,"column":0},"end":{"line":78,"column":null}}},"6":{"name":"(anonymous_7)","decl":{"start":{"line":80,"column":0},"end":{"line":80,"column":null}},"loc":{"start":{"line":80,"column":0},"end":{"line":84,"column":null}}},"7":{"name":"(anonymous_8)","decl":{"start":{"line":87,"column":0},"end":{"line":87,"column":null}},"loc":{"start":{"line":87,"column":0},"end":{"line":89,"column":null}}},"8":{"name":"(anonymous_9)","decl":{"start":{"line":90,"column":0},"end":{"line":90,"column":null}},"loc":{"start":{"line":90,"column":0},"end":{"line":92,"column":null}}},"9":{"name":"(anonymous_10)","decl":{"start":{"line":95,"column":0},"end":{"line":95,"column":null}},"loc":{"start":{"line":95,"column":0},"end":{"line":97,"column":null}}},"10":{"name":"(anonymous_11)","decl":{"start":{"line":98,"column":0},"end":{"line":98,"column":null}},"loc":{"start":{"line":98,"column":0},"end":{"line":100,"column":null}}},"11":{"name":"(anonymous_12)","decl":{"start":{"line":101,"column":0},"end":{"line":101,"column":null}},"loc":{"start":{"line":101,"column":0},"end":{"line":103,"column":null}}},"12":{"name":"(anonymous_13)","decl":{"start":{"line":104,"column":0},"end":{"line":104,"column":null}},"loc":{"start":{"line":104,"column":0},"end":{"line":109,"column":null}}},"13":{"name":"(anonymous_14)","decl":{"start":{"line":106,"column":0},"end":{"line":106,"column":null}},"loc":{"start":{"line":106,"column":0},"end":{"line":108,"column":null}}},"14":{"name":"(anonymous_15)","decl":{"start":{"line":110,"column":0},"end":{"line":110,"column":null}},"loc":{"start":{"line":110,"column":0},"end":{"line":112,"column":null}}},"15":{"name":"(anonymous_16)","decl":{"start":{"line":114,"column":0},"end":{"line":114,"column":null}},"loc":{"start":{"line":114,"column":0},"end":{"line":116,"column":null}}}},"branchMap":{"0":{"loc":{"start":{"line":55,"column":0},"end":{"line":55,"column":null}},"type":"cond-expr","locations":[{"start":{"line":55,"column":0},"end":{"line":55,"column":null}},{"start":{"line":55,"column":0},"end":{"line":55,"column":null}}]},"1":{"loc":{"start":{"line":67,"column":0},"end":{"line":67,"column":null}},"type":"binary-expr","locations":[{"start":{"line":67,"column":0},"end":{"line":67,"column":null}},{"start":{"line":67,"column":0},"end":{"line":67,"column":null}},{"start":{"line":67,"column":0},"end":{"line":67,"column":null}},{"start":{"line":67,"column":0},"end":{"line":67,"column":null}},{"start":{"line":67,"column":0},"end":{"line":67,"column":null}},{"start":{"line":67,"column":0},"end":{"line":67,"column":null}},{"start":{"line":67,"column":0},"end":{"line":67,"column":null}},{"start":{"line":67,"column":0},"end":{"line":67,"column":null}},{"start":{"line":67,"column":0},"end":{"line":67,"column":null}}]}},"s":{"0":1,"1":7,"2":7,"3":7,"4":7,"5":7,"6":140,"7":140,"8":7,"9":7,"10":7,"11":7,"12":147,"13":7,"14":7,"15":0,"16":7,"17":7,"18":7,"19":7,"20":7,"21":0,"22":0,"23":0,"24":0,"25":0,"26":0,"27":0,"28":7},"f":{"0":7,"1":7,"2":7,"3":140,"4":140,"5":0,"6":7,"7":7,"8":7,"9":0,"10":0,"11":0,"12":0,"13":0,"14":0,"15":7},"b":{"0":[20,120],"1":[140,140,100,60,20,55,40,35,0]}}
}
