TN:
SF:src\App.vue
FN:13,(anonymous_1)
FNF:1
FNH:1
FNDA:1,(anonymous_1)
DA:6,1
DA:14,1
LF:2
LH:2
BRF:0
BRH:0
end_of_record
TN:
SF:src\components\Input.vue
FN:83,(anonymous_1)
FN:90,(anonymous_2)
FN:95,(anonymous_3)
FNF:3
FNH:2
FNDA:45,(anonymous_1)
FNDA:0,(anonymous_2)
FNDA:1,(anonymous_3)
DA:84,45
DA:91,0
DA:96,1
LF:3
LH:2
BRF:0
BRH:0
end_of_record
TN:
SF:src\components\UserPreview.vue
FN:64,(anonymous_1)
FNF:1
FNH:1
FNDA:5,(anonymous_1)
DA:65,5
LF:1
LH:1
BRF:0
BRH:0
end_of_record
TN:
SF:src\pages\Home.vue
FN:244,(anonymous_1)
FN:253,(anonymous_2)
FN:256,(anonymous_3)
FN:259,(anonymous_4)
FN:262,(anonymous_5)
FN:267,(anonymous_6)
FN:270,(anonymous_7)
FN:273,(anonymous_8)
FN:278,(anonymous_9)
FN:279,(anonymous_10)
FN:284,(anonymous_11)
FN:286,(anonymous_12)
FN:291,(anonymous_13)
FN:293,(anonymous_14)
FNF:14
FNH:12
FNDA:20,(anonymous_1)
FNDA:1,(anonymous_2)
FNDA:1,(anonymous_3)
FNDA:1,(anonymous_4)
FNDA:0,(anonymous_5)
FNDA:22,(anonymous_6)
FNDA:27,(anonymous_7)
FNDA:20,(anonymous_8)
FNDA:7,(anonymous_9)
FNDA:7,(anonymous_10)
FNDA:20,(anonymous_11)
FNDA:12,(anonymous_12)
FNDA:12,(anonymous_13)
FNDA:0,(anonymous_14)
DA:238,2
DA:245,20
DA:254,1
DA:257,1
DA:260,1
DA:263,0
DA:268,22
DA:271,27
DA:274,20
DA:279,21
DA:285,20
DA:286,20
DA:287,22
DA:289,12
DA:291,20
DA:292,12
DA:293,10
DA:294,0
LF:18
LH:16
BRDA:279,0,0,2
BRDA:279,0,1,5
BRDA:287,1,0,22
BRDA:287,1,1,9
BRDA:292,2,0,10
BRDA:292,2,1,2
BRDA:292,3,0,12
BRDA:292,3,1,7
BRF:8
BRH:8
end_of_record
TN:
SF:src\pages\UserProfile.vue
FN:66,(anonymous_1)
FN:72,(anonymous_2)
FN:76,(anonymous_3)
FN:77,(anonymous_4)
FNF:4
FNH:4
FNDA:5,(anonymous_1)
FNDA:3,(anonymous_2)
FNDA:5,(anonymous_3)
FNDA:5,(anonymous_4)
DA:67,5
DA:73,3
DA:77,10
LF:3
LH:3
BRF:0
BRH:0
end_of_record
TN:
SF:src\pages\Users.vue
FN:40,(anonymous_1)
FN:48,(anonymous_2)
FN:53,(anonymous_3)
FN:54,(anonymous_4)
FN:67,(anonymous_5)
FN:76,(anonymous_6)
FN:80,(anonymous_7)
FN:87,(anonymous_8)
FN:90,(anonymous_9)
FN:95,(anonymous_10)
FN:98,(anonymous_11)
FN:101,(anonymous_12)
FN:104,(anonymous_13)
FN:106,(anonymous_14)
FN:110,(anonymous_15)
FN:114,(anonymous_16)
FNF:16
FNH:9
FNDA:7,(anonymous_1)
FNDA:7,(anonymous_2)
FNDA:7,(anonymous_3)
FNDA:140,(anonymous_4)
FNDA:140,(anonymous_5)
FNDA:0,(anonymous_6)
FNDA:7,(anonymous_7)
FNDA:7,(anonymous_8)
FNDA:7,(anonymous_9)
FNDA:0,(anonymous_10)
FNDA:0,(anonymous_11)
FNDA:0,(anonymous_12)
FNDA:0,(anonymous_13)
FNDA:0,(anonymous_14)
FNDA:0,(anonymous_15)
FNDA:7,(anonymous_16)
DA:20,1
DA:41,7
DA:49,7
DA:50,7
DA:51,7
DA:54,7
DA:55,140
DA:61,140
DA:63,7
DA:64,7
DA:65,7
DA:66,7
DA:67,147
DA:75,7
DA:76,7
DA:77,0
DA:81,7
DA:82,7
DA:83,7
DA:88,7
DA:91,7
DA:96,0
DA:99,0
DA:102,0
DA:105,0
DA:106,0
DA:107,0
DA:111,0
DA:115,7
LF:29
LH:21
BRDA:55,0,0,20
BRDA:55,0,1,120
BRDA:67,1,0,140
BRDA:67,1,1,140
BRDA:67,1,2,100
BRDA:67,1,3,60
BRDA:67,1,4,20
BRDA:67,1,5,55
BRDA:67,1,6,40
BRDA:67,1,7,35
BRDA:67,1,8,0
BRF:11
BRH:10
end_of_record
