TN:
SF:src\components\Input.vue
FN:83,(anonymous_1)
FN:90,(anonymous_2)
FN:95,(anonymous_3)
FNF:3
FNH:2
FNDA:47,(anonymous_1)
FNDA:0,(anonymous_2)
FNDA:1,(anonymous_3)
DA:84,47
DA:91,0
DA:96,1
LF:3
LH:2
BRF:0
BRH:0
end_of_record
TN:
SF:src\components\UserPreview.vue
FN:64,(anonymous_1)
FNF:1
FNH:1
FNDA:5,(anonymous_1)
DA:65,5
LF:1
LH:1
BRF:0
BRH:0
end_of_record
TN:
SF:src\pages\Home.vue
FN:243,(anonymous_1)
FN:252,(anonymous_2)
FN:255,(anonymous_3)
FN:258,(anonymous_4)
FN:261,(anonymous_5)
FN:266,(anonymous_6)
FN:269,(anonymous_7)
FN:272,(anonymous_8)
FN:277,(anonymous_9)
FN:278,(anonymous_10)
FN:283,(anonymous_11)
FN:285,(anonymous_12)
FN:290,(anonymous_13)
FN:292,(anonymous_14)
FNF:14
FNH:12
FNDA:21,(anonymous_1)
FNDA:1,(anonymous_2)
FNDA:1,(anonymous_3)
FNDA:1,(anonymous_4)
FNDA:0,(anonymous_5)
FNDA:23,(anonymous_6)
FNDA:28,(anonymous_7)
FNDA:21,(anonymous_8)
FNDA:7,(anonymous_9)
FNDA:7,(anonymous_10)
FNDA:21,(anonymous_11)
FNDA:12,(anonymous_12)
FNDA:12,(anonymous_13)
FNDA:0,(anonymous_14)
DA:237,1
DA:244,21
DA:253,1
DA:256,1
DA:259,1
DA:262,0
DA:267,23
DA:270,28
DA:273,21
DA:278,21
DA:284,21
DA:285,21
DA:286,22
DA:288,12
DA:290,21
DA:291,12
DA:292,10
DA:293,0
LF:18
LH:16
BRDA:278,0,0,2
BRDA:278,0,1,5
BRDA:286,1,0,22
BRDA:286,1,1,9
BRDA:291,2,0,10
BRDA:291,2,1,2
BRDA:291,3,0,12
BRDA:291,3,1,7
BRF:8
BRH:8
end_of_record
TN:
SF:src\pages\UserProfile.vue
FN:66,(anonymous_1)
FN:72,(anonymous_2)
FN:76,(anonymous_3)
FN:77,(anonymous_4)
FNF:4
FNH:4
FNDA:5,(anonymous_1)
FNDA:3,(anonymous_2)
FNDA:5,(anonymous_3)
FNDA:5,(anonymous_4)
DA:67,5
DA:73,3
DA:77,10
LF:3
LH:3
BRF:0
BRH:0
end_of_record
TN:
SF:src\pages\Users.vue
FN:40,(anonymous_1)
FN:48,(anonymous_2)
FN:53,(anonymous_3)
FN:54,(anonymous_4)
FN:67,(anonymous_5)
FN:76,(anonymous_6)
FN:80,(anonymous_7)
FN:87,(anonymous_8)
FN:90,(anonymous_9)
FN:95,(anonymous_10)
FN:98,(anonymous_11)
FN:101,(anonymous_12)
FN:104,(anonymous_13)
FN:106,(anonymous_14)
FN:110,(anonymous_15)
FN:114,(anonymous_16)
FNF:16
FNH:9
FNDA:8,(anonymous_1)
FNDA:8,(anonymous_2)
FNDA:8,(anonymous_3)
FNDA:160,(anonymous_4)
FNDA:160,(anonymous_5)
FNDA:0,(anonymous_6)
FNDA:8,(anonymous_7)
FNDA:8,(anonymous_8)
FNDA:8,(anonymous_9)
FNDA:0,(anonymous_10)
FNDA:0,(anonymous_11)
FNDA:0,(anonymous_12)
FNDA:0,(anonymous_13)
FNDA:0,(anonymous_14)
FNDA:0,(anonymous_15)
FNDA:8,(anonymous_16)
DA:20,1
DA:41,8
DA:49,8
DA:50,8
DA:51,8
DA:54,8
DA:55,160
DA:61,160
DA:63,8
DA:64,8
DA:65,8
DA:66,8
DA:67,168
DA:75,8
DA:76,8
DA:77,0
DA:81,8
DA:82,8
DA:83,8
DA:88,8
DA:91,8
DA:96,0
DA:99,0
DA:102,0
DA:105,0
DA:106,0
DA:107,0
DA:111,0
DA:115,8
LF:29
LH:21
BRDA:55,0,0,20
BRDA:55,0,1,140
BRDA:67,1,0,160
BRDA:67,1,1,160
BRDA:67,1,2,120
BRDA:67,1,3,80
BRDA:67,1,4,40
BRDA:67,1,5,75
BRDA:67,1,6,40
BRDA:67,1,7,55
BRDA:67,1,8,0
BRF:11
BRH:10
end_of_record
